<?xml version="1.0" encoding="UTF-8"?>
<!-- Generated by org.testng.reporters.JUnitReportReporter -->
<testsuite skipped="0" hostname="Abdou-PC" name="alert.AlertTest" tests="3" failures="0" timestamp="27 déc. 2020 12:46:32 GMT" time="72.183" errors="0">
  <testcase name="testGetTextFromAlert" time="28.668" classname="alert.AlertTest"/>
  <testcase name="testAcceptAlert" time="21.354" classname="alert.AlertTest"/>
  <testcase name="testSetInputInAlert" time="22.161" classname="alert.AlertTest"/>
</testsuite> <!-- alert.AlertTest -->
